<?xml version="1.0" encoding="UTF-8"?>
<!-- Generated by org.testng.reporters.JUnitReportReporter -->
<testsuite skipped="0" hostname="DESKTOP-I9K5FU1" name="testJenkins.TestJenkins" tests="1" failures="0" timestamp="13 Aug 2017 16:46:12 GMT" time="0.038" errors="0">
  <testcase name="testJ" time="0.038" classname="testJenkins.TestJenkins"/>
</testsuite> <!-- testJenkins.TestJenkins -->
